This is pdfTeX, Version 3.141592653-2.6-1.40.25 (TeX Live 2023/Fedora 40) (preloaded format=pdflatex 2025.8.12)  13 AUG 2025 13:28
entering extended mode
 \write18 enabled.
 %&-line parsing enabled.
**content/kactl.tex
(./content/kactl.tex
LaTeX2e <2022-11-01> patch level 1
L3 programming layer <2023-02-22> (/usr/share/texlive/texmf-dist/tex/latex/extsizes/extreport.cls
Document Class: extreport 1996/10/08 v1.0 Non Standard LaTeX document class
(/usr/share/texlive/texmf-dist/tex/latex/extsizes/size8.clo
File: size8.clo 1999/11/11 v1.4a NON-Standard LaTeX file (size option)
) (/usr/share/texlive/texmf-dist/tex/latex/base/exscale.sty
Package: exscale 2018/09/24 v2.1i Standard LaTeX package exscale
LaTeX Font Info:    Redeclaring symbol font `largesymbols' on input line 57.
LaTeX Font Info:    Overwriting symbol font `largesymbols' in version `normal'
(Font)                  OMX/cmex/m/n --> OMX/cmex/m/n on input line 57.
LaTeX Font Info:    Overwriting symbol font `largesymbols' in version `bold'
(Font)                  OMX/cmex/m/n --> OMX/cmex/m/n on input line 57.
\big@size=\dimen140
)
\c@part=\count185
\c@chapter=\count186
\c@section=\count187
\c@subsection=\count188
\c@subsubsection=\count189
\c@paragraph=\count190
\c@subparagraph=\count191
\c@figure=\count192
\c@table=\count193
\abovecaptionskip=\skip48
\belowcaptionskip=\skip49
\bibindent=\dimen141
) (content/tex/kactlpkg.sty
Package: kactlpkg 
 (/usr/share/texlive/texmf-dist/tex/latex/base/inputenc.sty
Package: inputenc 2021/02/14 v1.3d Input encoding file
\inpenc@prehook=\toks16
\inpenc@posthook=\toks17
) (/usr/share/texlive/texmf-dist/tex/latex/listings/listings.sty (/usr/share/texlive/texmf-dist/tex/latex/graphics/keyval.sty
Package: keyval 2022/05/29 v1.15 key=value parser (DPC)
\KV@toks@=\toks18
)
\lst@mode=\count194
\lst@gtempboxa=\box51
\lst@token=\toks19
\lst@length=\count195
\lst@currlwidth=\dimen142
\lst@column=\count196
\lst@pos=\count197
\lst@lostspace=\dimen143
\lst@width=\dimen144
\lst@newlines=\count198
\lst@lineno=\count199
\lst@maxwidth=\dimen145
 (/usr/share/texlive/texmf-dist/tex/latex/listings/lstmisc.sty
File: lstmisc.sty 2023/02/27 1.9 (Carsten Heinz)
\c@lstnumber=\count266
\lst@skipnumbers=\count267
\lst@framebox=\box52
) (/usr/share/texlive/texmf-dist/tex/latex/listings/listings.cfg
File: listings.cfg 2023/02/27 1.9 listings configuration
))
Package: listings 2023/02/27 1.9 (Carsten Heinz)
 (/usr/share/texlive/texmf-dist/tex/latex/framed/framed.sty
Package: framed 2011/10/22 v 0.96: framed or shaded text with page breaks
\OuterFrameSep=\skip50
\fb@frw=\dimen146
\fb@frh=\dimen147
\FrameRule=\dimen148
\FrameSep=\dimen149
) (/usr/share/texlive/texmf-dist/tex/latex/geometry/geometry.sty
Package: geometry 2020/01/02 v5.9 Page Geometry
 (/usr/share/texlive/texmf-dist/tex/generic/iftex/ifvtex.sty
Package: ifvtex 2019/10/25 v1.7 ifvtex legacy package. Use iftex instead.
 (/usr/share/texlive/texmf-dist/tex/generic/iftex/iftex.sty
Package: iftex 2022/02/03 v1.0f TeX engine tests
))
\Gm@cnth=\count268
\Gm@cntv=\count269
\c@Gm@tempcnt=\count270
\Gm@bindingoffset=\dimen150
\Gm@wd@mp=\dimen151
\Gm@odd@mp=\dimen152
\Gm@even@mp=\dimen153
\Gm@layoutwidth=\dimen154
\Gm@layoutheight=\dimen155
\Gm@layouthoffset=\dimen156
\Gm@layoutvoffset=\dimen157
\Gm@dimlist=\toks20
) (/usr/share/texlive/texmf-dist/tex/latex/tools/multicol.sty
Package: multicol 2021/11/30 v1.9d multicolumn formatting (FMi)
\c@tracingmulticols=\count271
\mult@box=\box53
\multicol@leftmargin=\dimen158
\c@unbalance=\count272
\c@collectmore=\count273
\doublecol@number=\count274
\multicoltolerance=\count275
\multicolpretolerance=\count276
\full@width=\dimen159
\page@free=\dimen160
\premulticols=\dimen161
\postmulticols=\dimen162
\multicolsep=\skip51
\multicolbaselineskip=\skip52
\partial@page=\box54
\last@line=\box55
\maxbalancingoverflow=\dimen163
\mult@rightbox=\box56
\mult@grightbox=\box57
\mult@firstbox=\box58
\mult@gfirstbox=\box59
\@tempa=\box60
\@tempa=\box61
\@tempa=\box62
\@tempa=\box63
\@tempa=\box64
\@tempa=\box65
\@tempa=\box66
\@tempa=\box67
\@tempa=\box68
\@tempa=\box69
\@tempa=\box70
\@tempa=\box71
\@tempa=\box72
\@tempa=\box73
\@tempa=\box74
\@tempa=\box75
\@tempa=\box76
\@tempa=\box77
\@tempa=\box78
\@tempa=\box79
\@tempa=\box80
\@tempa=\box81
\@tempa=\box82
\@tempa=\box83
\@tempa=\box84
\@tempa=\box85
\@tempa=\box86
\@tempa=\box87
\@tempa=\box88
\@tempa=\box89
\@tempa=\box90
\@tempa=\box91
\@tempa=\box92
\@tempa=\box93
\@tempa=\box94
\@tempa=\box95
\c@minrows=\count277
\c@columnbadness=\count278
\c@finalcolumnbadness=\count279
\last@try=\dimen164
\multicolovershoot=\dimen165
\multicolundershoot=\dimen166
\mult@nat@firstbox=\box96
\colbreak@box=\box97
\mc@col@check@num=\count280
) (/usr/share/texlive/texmf-dist/tex/latex/fancyhdr/fancyhdr.sty
Package: fancyhdr 2022/11/09 v4.1 Extensive control of page headers and footers
\f@nch@headwidth=\skip53
\f@nch@O@elh=\skip54
\f@nch@O@erh=\skip55
\f@nch@O@olh=\skip56
\f@nch@O@orh=\skip57
\f@nch@O@elf=\skip58
\f@nch@O@erf=\skip59
\f@nch@O@olf=\skip60
\f@nch@O@orf=\skip61
) (/usr/share/texlive/texmf-dist/tex/latex/amsmath/amsbsy.sty
Package: amsbsy 1999/11/29 v1.2d Bold Symbols
 (/usr/share/texlive/texmf-dist/tex/latex/amsmath/amsgen.sty
File: amsgen.sty 1999/11/30 v2.0 generic functions
\@emptytoks=\toks21
\ex@=\dimen167
)
\pmbraise@=\dimen168
) (/usr/share/texlive/texmf-dist/tex/latex/amsfonts/amssymb.sty
Package: amssymb 2013/01/14 v3.01 AMS font symbols
 (/usr/share/texlive/texmf-dist/tex/latex/amsfonts/amsfonts.sty
Package: amsfonts 2013/01/14 v3.01 Basic AMSFonts support
\symAMSa=\mathgroup4
\symAMSb=\mathgroup5
LaTeX Font Info:    Redeclaring math symbol \hbar on input line 98.
LaTeX Font Info:    Overwriting math alphabet `\mathfrak' in version `bold'
(Font)                  U/euf/m/n --> U/euf/b/n on input line 106.
)) (/usr/share/texlive/texmf-dist/tex/latex/amsmath/amsmath.sty
Package: amsmath 2022/04/08 v2.17n AMS math features
\@mathmargin=\skip62

For additional information on amsmath, use the `?' option.
(/usr/share/texlive/texmf-dist/tex/latex/amsmath/amstext.sty
Package: amstext 2021/08/26 v2.01 AMS text
) (/usr/share/texlive/texmf-dist/tex/latex/amsmath/amsopn.sty
Package: amsopn 2022/04/08 v2.04 operator names
)
\inf@bad=\count281
LaTeX Info: Redefining \frac on input line 234.
\uproot@=\count282
\leftroot@=\count283
LaTeX Info: Redefining \overline on input line 399.
LaTeX Info: Redefining \colon on input line 410.
\classnum@=\count284
\DOTSCASE@=\count285
LaTeX Info: Redefining \ldots on input line 496.
LaTeX Info: Redefining \dots on input line 499.
LaTeX Info: Redefining \cdots on input line 620.
\Mathstrutbox@=\box98
\strutbox@=\box99
LaTeX Info: Redefining \big on input line 722.
LaTeX Info: Redefining \Big on input line 723.
LaTeX Info: Redefining \bigg on input line 724.
LaTeX Info: Redefining \Bigg on input line 725.
\big@size=\dimen169
LaTeX Font Info:    Redeclaring font encoding OML on input line 743.
LaTeX Font Info:    Redeclaring font encoding OMS on input line 744.
\macc@depth=\count286
LaTeX Info: Redefining \bmod on input line 905.
LaTeX Info: Redefining \pmod on input line 910.
LaTeX Info: Redefining \smash on input line 940.
LaTeX Info: Redefining \relbar on input line 970.
LaTeX Info: Redefining \Relbar on input line 971.
\c@MaxMatrixCols=\count287
\dotsspace@=\muskip16
\c@parentequation=\count288
\dspbrk@lvl=\count289
\tag@help=\toks22
\row@=\count290
\column@=\count291
\maxfields@=\count292
\andhelp@=\toks23
\eqnshift@=\dimen170
\alignsep@=\dimen171
\tagshift@=\dimen172
\tagwidth@=\dimen173
\totwidth@=\dimen174
\lineht@=\dimen175
\@envbody=\toks24
\multlinegap=\skip63
\multlinetaggap=\skip64
\mathdisplay@stack=\toks25
LaTeX Info: Redefining \[ on input line 2953.
LaTeX Info: Redefining \] on input line 2954.
) (/usr/share/texlive/texmf-dist/tex/latex/tocloft/tocloft.sty
Package: tocloft 2017/08/31 v2.3i parameterised ToC, etc., typesetting
Package tocloft Info: The document has chapter divisions on input line 51.
\cftparskip=\skip65
\cftbeforetoctitleskip=\skip66
\cftaftertoctitleskip=\skip67
\cftbeforepartskip=\skip68
\cftpartnumwidth=\skip69
\cftpartindent=\skip70
\cftbeforechapskip=\skip71
\cftchapindent=\skip72
\cftchapnumwidth=\skip73
\cftbeforesecskip=\skip74
\cftsecindent=\skip75
\cftsecnumwidth=\skip76
\cftbeforesubsecskip=\skip77
\cftsubsecindent=\skip78
\cftsubsecnumwidth=\skip79
\cftbeforesubsubsecskip=\skip80
\cftsubsubsecindent=\skip81
\cftsubsubsecnumwidth=\skip82
\cftbeforeparaskip=\skip83
\cftparaindent=\skip84
\cftparanumwidth=\skip85
\cftbeforesubparaskip=\skip86
\cftsubparaindent=\skip87
\cftsubparanumwidth=\skip88
\cftbeforeloftitleskip=\skip89
\cftafterloftitleskip=\skip90
\cftbeforefigskip=\skip91
\cftfigindent=\skip92
\cftfignumwidth=\skip93
\c@lofdepth=\count293
\c@lotdepth=\count294
\cftbeforelottitleskip=\skip94
\cftafterlottitleskip=\skip95
\cftbeforetabskip=\skip96
\cfttabindent=\skip97
\cfttabnumwidth=\skip98
) (/usr/share/texlive/texmf-dist/tex/latex/titlesec/titletoc.sty
Package: titletoc 2021/07/05 v2.14 TOC entries
\ttl@leftsep=\dimen176
) (/usr/share/texlive/texmf-dist/tex/latex/base/ifthen.sty
Package: ifthen 2022/04/13 v1.1d Standard LaTeX ifthen package (DPC)
) (/usr/share/texlive/texmf-dist/tex/latex/psnfss/courier.sty
Package: courier 2020/03/25 PSNFSS-v9.3 (WaS) 
) (/usr/share/texlive/texmf-dist/tex/latex/graphics/graphicx.sty
Package: graphicx 2021/09/16 v1.2d Enhanced LaTeX Graphics (DPC,SPQR)
 (/usr/share/texlive/texmf-dist/tex/latex/graphics/graphics.sty
Package: graphics 2022/03/10 v1.4e Standard LaTeX Graphics (DPC,SPQR)
 (/usr/share/texlive/texmf-dist/tex/latex/graphics/trig.sty
Package: trig 2021/08/11 v1.11 sin cos tan (DPC)
) (/usr/share/texlive/texmf-dist/tex/latex/graphics-cfg/graphics.cfg
File: graphics.cfg 2016/06/04 v1.11 sample graphics configuration
)
Package graphics Info: Driver file: pdftex.def on input line 107.
 (/usr/share/texlive/texmf-dist/tex/latex/graphics-def/pdftex.def
File: pdftex.def 2022/09/22 v1.2b Graphics/color driver for pdftex
))
\Gin@req@height=\dimen177
\Gin@req@width=\dimen178
) (/usr/share/texlive/texmf-dist/tex/latex/base/fix-cm.sty
Package: fix-cm 2020/11/24 v1.1t fixes to LaTeX
 (/usr/share/texlive/texmf-dist/tex/latex/base/ts1enc.def
File: ts1enc.def 2001/06/05 v3.0e (jk/car/fm) Standard LaTeX file
LaTeX Font Info:    Redeclaring font encoding TS1 on input line 47.
)) (/usr/share/texlive/texmf-dist/tex/latex/paralist/paralist.sty
Package: paralist 2017/01/22 v2.7 Extended list environments
\pltopsep=\skip99
\plpartopsep=\skip100
\plitemsep=\skip101
\plparsep=\skip102
\pl@lab=\toks26
) (/usr/share/texlive/texmf-dist/tex/latex/enumitem/enumitem.sty
Package: enumitem 2019/06/20 v3.9 Customized lists
\labelindent=\skip103
\enit@outerparindent=\dimen179
\enit@toks=\toks27
\enit@inbox=\box100
\enit@count@id=\count295
\enitdp@description=\count296
) (/usr/share/texlive/texmf-dist/tex/latex/parskip/parskip.sty
Package: parskip 2021-03-14 v2.0h non-zero parskip adjustments
 (/usr/share/texlive/texmf-dist/tex/latex/kvoptions/kvoptions.sty
Package: kvoptions 2022-06-15 v3.15 Key value format for package options (HO)
 (/usr/share/texlive/texmf-dist/tex/generic/ltxcmds/ltxcmds.sty
Package: ltxcmds 2020-05-10 v1.25 LaTeX kernel commands for general use (HO)
) (/usr/share/texlive/texmf-dist/tex/latex/kvsetkeys/kvsetkeys.sty
Package: kvsetkeys 2022-10-05 v1.19 Key value parser (HO)
)) (/usr/share/texlive/texmf-dist/tex/latex/etoolbox/etoolbox.sty
Package: etoolbox 2020/10/05 v2.5k e-TeX tools for LaTeX (JAW)
\etb@tempcnta=\count297
)) (/usr/share/texlive/texmf-dist/tex/latex/xcolor/xcolor.sty
Package: xcolor 2022/06/12 v2.14 LaTeX color extensions (UK)
 (/usr/share/texlive/texmf-dist/tex/latex/graphics-cfg/color.cfg
File: color.cfg 2016/01/02 v1.6 sample color configuration
)
Package xcolor Info: Driver file: pdftex.def on input line 227.
 (/usr/share/texlive/texmf-dist/tex/latex/graphics/mathcolor.ltx)
Package xcolor Info: Model `cmy' substituted by `cmy0' on input line 1353.
Package xcolor Info: Model `hsb' substituted by `rgb' on input line 1357.
Package xcolor Info: Model `RGB' extended on input line 1369.
Package xcolor Info: Model `HTML' substituted by `rgb' on input line 1371.
Package xcolor Info: Model `Hsb' substituted by `hsb' on input line 1372.
Package xcolor Info: Model `tHsb' substituted by `hsb' on input line 1373.
Package xcolor Info: Model `HSB' substituted by `hsb' on input line 1374.
Package xcolor Info: Model `Gray' substituted by `gray' on input line 1375.
Package xcolor Info: Model `wave' substituted by `hsb' on input line 1376.
 (/usr/share/texlive/texmf-dist/tex/latex/graphics/dvipsnam.def
File: dvipsnam.def 2016/06/17 v3.0m Driver-dependent file (DPC,SPQR)
)) (/usr/share/texlive/texmf-dist/tex/generic/ulem/ulem.sty
\UL@box=\box101
\UL@hyphenbox=\box102
\UL@skip=\skip104
\UL@hook=\toks28
\UL@height=\dimen180
\UL@pe=\count298
\UL@pixel=\dimen181
\ULC@box=\box103
Package: ulem 2019/11/18
\ULdepth=\dimen182
) (/usr/share/texlive/texmf-dist/tex/latex/hyperref/hyperref.sty
Package: hyperref 2023-02-07 v7.00v Hypertext links for LaTeX
 (/usr/share/texlive/texmf-dist/tex/generic/pdftexcmds/pdftexcmds.sty
Package: pdftexcmds 2020-06-27 v0.33 Utility functions of pdfTeX for LuaTeX (HO)
 (/usr/share/texlive/texmf-dist/tex/generic/infwarerr/infwarerr.sty
Package: infwarerr 2019/12/03 v1.5 Providing info/warning/error messages (HO)
)
Package pdftexcmds Info: \pdf@primitive is available.
Package pdftexcmds Info: \pdf@ifprimitive is available.
Package pdftexcmds Info: \pdfdraftmode found.
) (/usr/share/texlive/texmf-dist/tex/generic/kvdefinekeys/kvdefinekeys.sty
Package: kvdefinekeys 2019-12-19 v1.6 Define keys (HO)
) (/usr/share/texlive/texmf-dist/tex/generic/pdfescape/pdfescape.sty
Package: pdfescape 2019/12/09 v1.15 Implements pdfTeX's escape features (HO)
) (/usr/share/texlive/texmf-dist/tex/latex/hycolor/hycolor.sty
Package: hycolor 2020-01-27 v1.10 Color options for hyperref/bookmark (HO)
) (/usr/share/texlive/texmf-dist/tex/latex/letltxmacro/letltxmacro.sty
Package: letltxmacro 2019/12/03 v1.6 Let assignment for LaTeX macros (HO)
) (/usr/share/texlive/texmf-dist/tex/latex/auxhook/auxhook.sty
Package: auxhook 2019-12-17 v1.6 Hooks for auxiliary files (HO)
) (/usr/share/texlive/texmf-dist/tex/latex/hyperref/nameref.sty
Package: nameref 2022-05-17 v2.50 Cross-referencing by name of section
 (/usr/share/texlive/texmf-dist/tex/latex/refcount/refcount.sty
Package: refcount 2019/12/15 v3.6 Data extraction from label references (HO)
) (/usr/share/texlive/texmf-dist/tex/generic/gettitlestring/gettitlestring.sty
Package: gettitlestring 2019/12/15 v1.6 Cleanup title references (HO)
)
\c@section@level=\count299
)
\@linkdim=\dimen183
\Hy@linkcounter=\count300
\Hy@pagecounter=\count301
 (/usr/share/texlive/texmf-dist/tex/latex/hyperref/pd1enc.def
File: pd1enc.def 2023-02-07 v7.00v Hyperref: PDFDocEncoding definition (HO)
Now handling font encoding PD1 ...
... no UTF-8 mapping file for font encoding PD1
) (/usr/share/texlive/texmf-dist/tex/generic/intcalc/intcalc.sty
Package: intcalc 2019/12/15 v1.3 Expandable calculations with integers (HO)
) (/usr/share/texlive/texmf-dist/tex/generic/etexcmds/etexcmds.sty
Package: etexcmds 2019/12/15 v1.7 Avoid name clashes with e-TeX commands (HO)
)
\Hy@SavedSpaceFactor=\count302
 (/usr/share/texlive/texmf-dist/tex/latex/hyperref/puenc.def
File: puenc.def 2023-02-07 v7.00v Hyperref: PDF Unicode definition (HO)
Now handling font encoding PU ...
... no UTF-8 mapping file for font encoding PU
)
Package hyperref Info: Hyper figures OFF on input line 4177.
Package hyperref Info: Link nesting OFF on input line 4182.
Package hyperref Info: Hyper index ON on input line 4185.
Package hyperref Info: Plain pages OFF on input line 4192.
Package hyperref Info: Backreferencing OFF on input line 4197.
Package hyperref Info: Implicit mode ON; LaTeX internals redefined.
Package hyperref Info: Bookmarks ON on input line 4425.
\c@Hy@tempcnt=\count303
 (/usr/share/texlive/texmf-dist/tex/latex/url/url.sty
\Urlmuskip=\muskip17
Package: url 2013/09/16  ver 3.4  Verb mode for urls, etc.
)
LaTeX Info: Redefining \url on input line 4763.
\XeTeXLinkMargin=\dimen184
 (/usr/share/texlive/texmf-dist/tex/generic/bitset/bitset.sty
Package: bitset 2019/12/09 v1.3 Handle bit-vector datatype (HO)
 (/usr/share/texlive/texmf-dist/tex/generic/bigintcalc/bigintcalc.sty
Package: bigintcalc 2019/12/15 v1.5 Expandable calculations on big integers (HO)
))
\Fld@menulength=\count304
\Field@Width=\dimen185
\Fld@charsize=\dimen186
Package hyperref Info: Hyper figures OFF on input line 6042.
Package hyperref Info: Link nesting OFF on input line 6047.
Package hyperref Info: Hyper index ON on input line 6050.
Package hyperref Info: backreferencing OFF on input line 6057.
Package hyperref Info: Link coloring OFF on input line 6062.
Package hyperref Info: Link coloring with OCG OFF on input line 6067.
Package hyperref Info: PDF/A mode OFF on input line 6072.
 (/usr/share/texlive/texmf-dist/tex/latex/base/atbegshi-ltx.sty
Package: atbegshi-ltx 2021/01/10 v1.0c Emulation of the original atbegshi
package with kernel methods
)
\Hy@abspage=\count305
\c@Item=\count306
\c@Hfootnote=\count307
)
Package hyperref Info: Driver (autodetected): hpdftex.
 (/usr/share/texlive/texmf-dist/tex/latex/hyperref/hpdftex.def
File: hpdftex.def 2023-02-07 v7.00v Hyperref driver for pdfTeX
 (/usr/share/texlive/texmf-dist/tex/latex/base/atveryend-ltx.sty
Package: atveryend-ltx 2020/08/19 v1.0a Emulation of the original atveryend package
with kernel methods
)
\Fld@listcount=\count308
\c@bookmark@seq@number=\count309
 (/usr/share/texlive/texmf-dist/tex/latex/rerunfilecheck/rerunfilecheck.sty
Package: rerunfilecheck 2022-07-10 v1.10 Rerun checks for auxiliary files (HO)
 (/usr/share/texlive/texmf-dist/tex/generic/uniquecounter/uniquecounter.sty
Package: uniquecounter 2019/12/15 v1.4 Provide unlimited unique counter (HO)
)
Package uniquecounter Info: New unique counter `rerunfilecheck' on input line 285.
)
\Hy@SectionHShift=\skip105
) (/usr/share/texlive/texmf-dist/tex/latex/amscls/amsthm.sty
Package: amsthm 2020/05/29 v2.20.6
\thm@style=\toks29
\thm@bodyfont=\toks30
\thm@headfont=\toks31
\thm@notefont=\toks32
\thm@headpunct=\toks33
\thm@preskip=\skip106
\thm@postskip=\skip107
\thm@headsep=\skip108
\dth@everypar=\toks34
)
\hdrmark=\marks4
 (/usr/share/texlive/texmf-dist/tex/latex/listings/lstlang1.sty
File: lstlang1.sty 2023/02/27 1.9 listings language file
) (/usr/share/texlive/texmf-dist/tex/latex/listings/lstlang1.sty
File: lstlang1.sty 2023/02/27 1.9 listings language file
) (/usr/share/texlive/texmf-dist/tex/latex/listings/lstmisc.sty
File: lstmisc.sty 2023/02/27 1.9 (Carsten Heinz)
)) (/usr/share/texlive/texmf-dist/tex/latex/base/fontenc.sty
Package: fontenc 2021/04/29 v2.0v Standard LaTeX package
) (/usr/share/texlive/texmf-dist/tex/latex/bera/beramono.sty
Package: beramono 2004/01/31 (WaS)
) (/usr/share/texlive/texmf-dist/tex/latex/tools/verbatim.sty
Package: verbatim 2022-07-02 v1.5u LaTeX2e package for verbatim enhancements
\every@verbatim=\toks35
\verbatim@line=\toks36
\verbatim@in@stream=\read2
) (/usr/share/texlive/texmf-dist/tex/latex/wrapfig/wrapfig.sty
\wrapoverhang=\dimen187
\WF@size=\dimen188
\c@WF@wrappedlines=\count310
\WF@box=\box104
\WF@everypar=\toks37
Package: wrapfig 2003/01/31  v 3.6
) (/usr/share/texlive/texmf-dist/tex/latex/adjustbox/adjustbox.sty
Package: adjustbox 2022/10/17 v1.3a Adjusting TeX boxes (trim, clip, ...)
 (/usr/share/texlive/texmf-dist/tex/latex/xkeyval/xkeyval.sty
Package: xkeyval 2022/06/16 v2.9 package option processing (HA)
 (/usr/share/texlive/texmf-dist/tex/generic/xkeyval/xkeyval.tex (/usr/share/texlive/texmf-dist/tex/generic/xkeyval/xkvutils.tex
\XKV@toks=\toks38
\XKV@tempa@toks=\toks39
)
\XKV@depth=\count311
File: xkeyval.tex 2014/12/03 v2.7a key=value parser (HA)
)) (/usr/share/texlive/texmf-dist/tex/latex/adjustbox/adjcalc.sty
Package: adjcalc 2012/05/16 v1.1 Provides advanced setlength with multiple back-ends (calc, etex, pgfmath)
) (/usr/share/texlive/texmf-dist/tex/latex/adjustbox/trimclip.sty
Package: trimclip 2020/08/19 v1.2 Trim and clip general TeX material
 (/usr/share/texlive/texmf-dist/tex/latex/collectbox/collectbox.sty
Package: collectbox 2022/10/17 v0.4c Collect macro arguments as boxes
\collectedbox=\box105
)
\tc@llx=\dimen189
\tc@lly=\dimen190
\tc@urx=\dimen191
\tc@ury=\dimen192
Package trimclip Info: Using driver 'tc-pdftex.def'.
 (/usr/share/texlive/texmf-dist/tex/latex/adjustbox/tc-pdftex.def
File: tc-pdftex.def 2019/01/04 v2.2 Clipping driver for pdftex
))
\adjbox@Width=\dimen193
\adjbox@Height=\dimen194
\adjbox@Depth=\dimen195
\adjbox@Totalheight=\dimen196
\adjbox@pwidth=\dimen197
\adjbox@pheight=\dimen198
\adjbox@pdepth=\dimen199
\adjbox@ptotalheight=\dimen256
 (/usr/share/texlive/texmf-dist/tex/latex/ifoddpage/ifoddpage.sty
Package: ifoddpage 2022/10/18 v1.2 Conditionals for odd/even page detection
\c@checkoddpage=\count312
) (/usr/share/texlive/texmf-dist/tex/latex/varwidth/varwidth.sty
Package: varwidth 2009/03/30 ver 0.92;  Variable-width minipages
\@vwid@box=\box106
\sift@deathcycles=\count313
\@vwid@loff=\dimen257
\@vwid@roff=\dimen258
)) (/usr/share/texlive/texmf-dist/tex/latex/l3backend/l3backend-pdftex.def
File: l3backend-pdftex.def 2023-01-16 L3 backend support: PDF output (pdfTeX)
\l__color_backend_stack_int=\count314
\l__pdf_internal_box=\box107
) (build//kactl.aux)
\openout1 = `kactl.aux'.

LaTeX Font Info:    Checking defaults for OML/cmm/m/it on input line 17.
LaTeX Font Info:    ... okay on input line 17.
LaTeX Font Info:    Checking defaults for OMS/cmsy/m/n on input line 17.
LaTeX Font Info:    ... okay on input line 17.
LaTeX Font Info:    Checking defaults for OT1/cmr/m/n on input line 17.
LaTeX Font Info:    ... okay on input line 17.
LaTeX Font Info:    Checking defaults for T1/cmr/m/n on input line 17.
LaTeX Font Info:    ... okay on input line 17.
LaTeX Font Info:    Checking defaults for TS1/cmr/m/n on input line 17.
LaTeX Font Info:    ... okay on input line 17.
LaTeX Font Info:    Checking defaults for OMX/cmex/m/n on input line 17.
LaTeX Font Info:    ... okay on input line 17.
LaTeX Font Info:    Checking defaults for U/cmr/m/n on input line 17.
LaTeX Font Info:    ... okay on input line 17.
LaTeX Font Info:    Checking defaults for PD1/pdf/m/n on input line 17.
LaTeX Font Info:    ... okay on input line 17.
LaTeX Font Info:    Checking defaults for PU/pdf/m/n on input line 17.
LaTeX Font Info:    ... okay on input line 17.
\c@lstlisting=\count315

*geometry* driver: auto-detecting
*geometry* detected driver: pdftex
*geometry* verbose mode - [ preamble ] result:
* driver: pdftex
* paper: a4paper
* layout: <same size as paper>
* layoutoffset:(h,v)=(0.0pt,0.0pt)
* modes: landscape 
* h-part:(L,W,R)=(14.22636pt, 816.59412pt, 14.22636pt)
* v-part:(T,H,B)=(28.45274pt, 557.67421pt, 11.38092pt)
* \paperwidth=845.04684pt
* \paperheight=597.50787pt
* \textwidth=816.59412pt
* \textheight=557.67421pt
* \oddsidemargin=-58.04362pt
* \evensidemargin=-58.04362pt
* \topmargin=-80.81725pt
* \headheight=25.0pt
* \headsep=5.0pt
* \topskip=9.0pt
* \footskip=30.0pt
* \marginparwidth=65.0pt
* \marginparsep=10.0pt
* \columnsep=10.0pt
* \skip\footins=7.0pt plus 4.0pt minus 2.0pt
* \hoffset=0.0pt
* \voffset=0.0pt
* \mag=1000
* \@twocolumnfalse
* \@twosidefalse
* \@mparswitchfalse
* \@reversemarginfalse
* (1in=72.27pt=25.4mm, 1cm=28.453pt)

(/usr/share/texlive/texmf-dist/tex/context/base/mkii/supp-pdf.mkii
[Loading MPS to PDF converter (version 2006.09.02).]
\scratchcounter=\count316
\scratchdimen=\dimen259
\scratchbox=\box108
\nofMPsegments=\count317
\nofMParguments=\count318
\everyMPshowfont=\toks40
\MPscratchCnt=\count319
\MPscratchDim=\dimen260
\MPnumerator=\count320
\makeMPintoPDFobject=\count321
\everyMPtoPDFconversion=\toks41
) (/usr/share/texlive/texmf-dist/tex/latex/epstopdf-pkg/epstopdf-base.sty
Package: epstopdf-base 2020-01-24 v2.11 Base part for package epstopdf
Package epstopdf-base Info: Redefining graphics rule for `.eps' on input line 485.
 (/usr/share/texlive/texmf-dist/tex/latex/latexconfig/epstopdf-sys.cfg
File: epstopdf-sys.cfg 2010/07/13 v1.3 Configuration of (r)epstopdf for TeX Live
))
Package hyperref Info: Link coloring OFF on input line 17.
 (build//kactl.out) (build//kactl.out)
\@outlinefile=\write3
\openout3 = `kactl.out'.

runsystem(rm -f build/header.tmp)...executed.

<lnu.jpeg, id=32, 200.75pt x 200.75pt>
File: lnu.jpeg Graphic file (type jpg)
<use lnu.jpeg>
Package pdftex.def Info: lnu.jpeg  used on input line 18.
(pdftex.def)             Requested size: 85.35826pt x 85.35896pt.
 [0

{/var/lib/texmf/fonts/map/pdftex/updmap/pdftex.map}{/usr/share/texlive/texmf-dist/fonts/enc/dvips/cm-super/cm-super-t1.enc} <content/tex/lnu.jpeg>] (./content/contest/chapter.tex
Chapter 1.
LaTeX Font Info:    Trying to load font information for U+msa on input line 1.
(/usr/share/texlive/texmf-dist/tex/latex/amsfonts/umsa.fd
File: umsa.fd 2013/01/14 v3.01 AMS symbols A
)
LaTeX Font Info:    Trying to load font information for U+msb on input line 1.
 (/usr/share/texlive/texmf-dist/tex/latex/amsfonts/umsb.fd
File: umsb.fd 2013/01/14 v3.01 AMS symbols B
)
\c@ttl@toc@chapters=\count322
runsystem(rm -f build/kactltmp.tex)...executed.

runsystem(python3 content/tex/preprocessor.py -i "content/contest/template.hpp" -o build/kactltmp.tex -l rawcpp)...executed.

 (./build/kactltmp.tex
Package hyperref Info: bookmark level for unknown lstlisting defaults to 0 on input line 3.
LaTeX Font Info:    Trying to load font information for T1+fvm on input line 3.
 (/usr/share/texlive/texmf-dist/tex/latex/bera/t1fvm.fd
File: t1fvm.fd 2004/09/07 scalable font definitions for T1/fvm.
)
LaTeX Font Info:    Font shape `T1/fvm/m/n' will be
(Font)              scaled to size 5.0pt on input line 3.
LaTeX Font Info:    Font shape `T1/fvm/m/n' will be
(Font)              scaled to size 8.0pt on input line 3.
LaTeX Font Info:    Font shape `T1/fvm/m/n' will be
(Font)              scaled to size 7.0pt on input line 3.
LaTeX Font Info:    Font shape `T1/fvm/b/n' will be
(Font)              scaled to size 7.0pt on input line 6.
LaTeX Font Info:    Trying to load font information for T1+pcr on input line 31.
 (/usr/share/texlive/texmf-dist/tex/latex/psnfss/t1pcr.fd
File: t1pcr.fd 2001/06/04 font definitions for T1/pcr.
))
runsystem(rm -f build/kactltmp.tex)...executed.

runsystem(python3 content/tex/preprocessor.py -i "content/contest/compilation.txt" -o build/kactltmp.tex -l raw)...executed.

 (./build/kactltmp.tex)
runsystem(rm -f build/kactltmp.tex)...executed.

runsystem(python3 content/tex/preprocessor.py -i "content/contest/cmp.sh" -o build/kactltmp.tex -l raw)...executed.

 (./build/kactltmp.tex)
runsystem(rm -f build/kactltmp.tex)...executed.

runsystem(python3 content/tex/preprocessor.py -i "content/contest/hash.sh" -o build/kactltmp.tex -l raw)...executed.

 (./build/kactltmp.tex) (./content/contest/rules.tex) (./content/contest/troubleshoot.tex) (./content/contest/pragmas.tex)
Overfull \hbox (105.30019pt too wide) in paragraph at lines 21--21
[]\T1/fvm/m/n/8 @@@@@@@@@@@@@@@@@@@@@@@@@@@@@@@@%@@%@@@@######%%%%%%######%@@#@@@@@@@@@@@@@@@[] 
 []


Overfull \hbox (105.30019pt too wide) in paragraph at lines 22--22
[]\T1/fvm/m/n/8 @@@@@@@@@@@@@@@@@@@@@@@@@@@@@%%%%%%%%%@@###%%%%%%%%%%%%%%###%@@@@@@@@@@@@@@@@[] 
 []


Overfull \hbox (105.30019pt too wide) in paragraph at lines 23--23
[]\T1/fvm/m/n/8 @@@@@@@@@@@@@@@@@@@@##@@%%@@@%%%%@@@@@@%#%%%%%%%%%%%%%%%%%#%@@@@@@@@@@@@@@@@@[] 
 []


Overfull \hbox (105.30019pt too wide) in paragraph at lines 24--24
[]\T1/fvm/m/n/8 @@@@@@@@@@@@@%@@@@@@#*****#%%%@@@@#####%%%%%%%%%%%%%%%%%%%##@@@%%@@@@@%%%@%%@[] 
 []


Overfull \hbox (105.30019pt too wide) in paragraph at lines 25--25
[]\T1/fvm/m/n/8 @@@@@@@@@@@@@@@%%%%@@#%%%@@@@@@####%%%%%%%%@@@@@@@%%%%%%%%%##@@@%%@@@@@@@@@@@[] 
 []


Overfull \hbox (105.30019pt too wide) in paragraph at lines 26--26
[]\T1/fvm/m/n/8 @@@@@@@@@@@@@@@@@@%@@@@@@@@%####%%%%%%%%%%@@@@@@@@@%%%%%%%%###%@@%%%%@@@@@@@@[] 
 []


Overfull \hbox (105.30019pt too wide) in paragraph at lines 27--27
[]\T1/fvm/m/n/8 @@@@@@@@@@@@@@@%%@@@@@@@#####%%%%%%%%%%%%%%@@@@@@@@@%%%%%%%##%@@@@@@%%%%%%@@@[] 
 []


Overfull \hbox (105.30019pt too wide) in paragraph at lines 28--28
[]\T1/fvm/m/n/8 @@@@@@@@@@@@%%%%%%%%@%###%%%%%%%%%%%%@@@@@@@@@%@@%@%%%%%%###%@%***#@%%%%%%@@@[] 
 []


Overfull \hbox (105.30019pt too wide) in paragraph at lines 29--29
[]\T1/fvm/m/n/8 @@@@@@@@@@@@@%%%%%@@%*##%%%%%%%%@%@@@@@@@@@@@@@%%@%%%%%%%#%@@@@%**%%%%%%%@@@@[] 
 []


Overfull \hbox (105.30019pt too wide) in paragraph at lines 30--30
[]\T1/fvm/m/n/8 @@@@@@@@@@@@@@@@%%@@@###%%%%%%%@@@@@@@@@@@@@@@@@@%@%%%%%###%@%%*#@@%%%%%@@#**[] 
 []


Overfull \hbox (105.30019pt too wide) in paragraph at lines 31--31
[]\T1/fvm/m/n/8 @@@@@@@@@@@@@@@%%%@@@%##%%%@@@@@@@@@@@@@%%@@@@@@@%@%%%%%%#%@@##*@@%%%%%%@@***[] 
 []


Overfull \hbox (105.30019pt too wide) in paragraph at lines 32--32
[]\T1/fvm/m/n/8 #****#%@@@@@@@@%%%@@%###%%%%@@%++++++****#*%@@@@@@@%%%%%%%%%##*@%%%%%%%%%@@**[] 
 []


Overfull \hbox (105.30019pt too wide) in paragraph at lines 33--33
[]\T1/fvm/m/n/8 %*########**%@@%%%@@@@@##%%%@@#*++++***#***+*%@@@%@@%%%%%%%##*%@%%%%%%%%%@@##[] 
 []


Overfull \hbox (105.30019pt too wide) in paragraph at lines 34--34
[]\T1/fvm/m/n/8 @#*##%#####*#@@%%%%%%%@%##%%@@*#*#*#*#%%%**++*@%##@@%%%%%%%###%@%%%%%%%%@@###[] 
 []


Overfull \hbox (105.30019pt too wide) in paragraph at lines 35--35
[]\T1/fvm/m/n/8 @#*###%%###*%@@%%%%%%%%@##%%@@@##@##@@%%##***#@#@*%@%%%%%%%%##%@%%%%%%%@%####[] 
 []


Overfull \hbox (105.30019pt too wide) in paragraph at lines 36--36
[]\T1/fvm/m/n/8 @%#**#####*#@@%%%%%%%%@@##%%%@@#*%%**#%%#***%#*##%@@@%%%%%%%##@@%%%%@@%######[] 
 []


Overfull \hbox (105.30019pt too wide) in paragraph at lines 37--37
[]\T1/fvm/m/n/8 @@@@@@@@%**%@%%#%%%%%%@%##%%%@@**#****##***#***@@%%@@%%%%%%%%##@@@@@%###%%%%#[] 
 []


Overfull \hbox (105.30019pt too wide) in paragraph at lines 38--38
[]\T1/fvm/m/n/8 @@@@%%@@@@%%%%%%%%#%%@@##%%%%%@%*******#******%@#*++#@%%%%%%%%#%@@%##%%%%%%%#[] 
 []


Overfull \hbox (105.30019pt too wide) in paragraph at lines 39--39
[]\T1/fvm/m/n/8 @@@@%%@@@%%%%%%%@%@@@@##%%%%%%@@%************%@%***+*%@%%%%%%%%%%%%%%%%%%%%%#[] 
 []


Overfull \hbox (105.30019pt too wide) in paragraph at lines 40--40
[]\T1/fvm/m/n/8 @@@@@%%%%%%%%@@@#######%%%%%%%%%@%**#%#****%@@@****++*##%%@@%%%%%%%%%%%%%%%%#[] 
 []


Overfull \hbox (105.30019pt too wide) in paragraph at lines 41--41
[]\T1/fvm/m/n/8 @@@%@@@@%%%@@%#####%%%%%%%%%%%%@@@%*****#%@@@@******+**#***#%@@%%%%%%%%%%%%%%[] 
 []


Overfull \hbox (105.30019pt too wide) in paragraph at lines 42--42
[]\T1/fvm/m/n/8 %#***#%@@%%%###%%%%%%%%%%%%%@@%%%#**#%%@@@@@@#*******+**%%*+++#@@@@%%%%%%%%%%[] 
 []


Overfull \hbox (105.30019pt too wide) in paragraph at lines 43--43
[]\T1/fvm/m/n/8 %###########%%%%%%%%%@@@@@@@%#+++***#@@@@@@@%****%****+**%@%**++*%@@@@%%%%%%#[] 
 []


Overfull \hbox (105.30019pt too wide) in paragraph at lines 44--44
[]\T1/fvm/m/n/8 %%%%%%%%%%%%%%%%%%%%#***###++**%@%#*#%@@@@@%****%********#@@%***+++*%@@%%%%%%[] 
 []


Overfull \hbox (105.30019pt too wide) in paragraph at lines 45--45
[]\T1/fvm/m/n/8 %%%%%%%%%%%%%%%%%#++++********%%***%*#@@@@@#**#@%***##****#%%%****#**#%@%%%%#[] 
 []


Overfull \hbox (105.30019pt too wide) in paragraph at lines 46--46
[]\T1/fvm/m/n/8 %%%%%%%%%%%%%%@%*+****#%%#****###**###%@@@@%*##*******++*#@#********++*%@@%%#[] 
 []


Overfull \hbox (105.30019pt too wide) in paragraph at lines 47--47
[]\T1/fvm/m/n/8 @%%%%%%%%%%%%@#***#%@@%******++***#%**#@@%**#####*****#%@#***********++*#%%%#[] 
 []


Overfull \hbox (105.30019pt too wide) in paragraph at lines 48--48
[]\T1/fvm/m/n/8 %%%%%%%%%%%%@@***#%%%#**********++*#@#**#@@%*********#@@@*****************%%#[] 
 []


Overfull \hbox (105.30019pt too wide) in paragraph at lines 49--49
[]\T1/fvm/m/n/8 %%%%%%%%%%%@%#*******#**************@@#***************%@@%######*******%#*###[] 
 []


Overfull \hbox (105.30019pt too wide) in paragraph at lines 50--50
[]\T1/fvm/m/n/8 %%%%%%%%%%%#*********##*************@**************####%@%****#%@@%##%@#**###[] 
 []


Overfull \hbox (105.30019pt too wide) in paragraph at lines 51--51
[]\T1/fvm/m/n/8 #%%%%%%%@%*+*#*******#@%**********@%#*************%%%%%%#*******#@@@@%****##*[] 
 []


Overfull \hbox (105.30019pt too wide) in paragraph at lines 52--52
[]\T1/fvm/m/n/8 #%%%%%%@%*+*#****##*****%%#*******%#************#%%%%%@%*********@@@@%***#%@@[] 
 []


Overfull \hbox (105.30019pt too wide) in paragraph at lines 53--53
[]\T1/fvm/m/n/8 %%%%%%%%*+**%**#***************#########*##%@@@%##%%%%**********%@@@@@**#%@@@[] 
 []


Overfull \hbox (105.30019pt too wide) in paragraph at lines 54--54
[]\T1/fvm/m/n/8 %%%%%%@%*+**@%####%%%#********##*****+***#@@@@**####**********#%@@@@@@%#%@@@%[] 
 []


Overfull \hbox (105.30019pt too wide) in paragraph at lines 55--55
[]\T1/fvm/m/n/8 %%%%@@@#****%@@%##%@@@@%#******#@@%*****+**#*#@@#******%@@@@@@@@@@@@@@###@@@@[] 
 []


Overfull \hbox (105.30019pt too wide) in paragraph at lines 56--56
[]\T1/fvm/m/n/8 %%%%%@%#****##******@@@@@@%******%@@@#*******##******%@@@@@@@@@@@@@@@%####@@%[] 
 []


Overfull \hbox (105.30019pt too wide) in paragraph at lines 57--57
[]\T1/fvm/m/n/8 %%%%%@@#***#*******#@@@@@@@@@%#***#@@@@#***********#@%******##@@@@@@%%###@@%%[] 
 []


Overfull \hbox (105.30019pt too wide) in paragraph at lines 58--58
[]\T1/fvm/m/n/8 %%%%%%@#**#*****#@@@@@@@@@@@@@@@#****#@@@#********#********#%@@@@@@@%%%###@@%[] 
 []


Overfull \hbox (105.30019pt too wide) in paragraph at lines 59--59
[]\T1/fvm/m/n/8 #%%%#%%**************#%@@@@@@@@@@%#*****#****************#%@@@@@@@%%#####***#[] 
 []


Overfull \hbox (105.30019pt too wide) in paragraph at lines 60--60
[]\T1/fvm/m/n/8 ##%%%%**#************##%@@@@@@@@@@@%*************######%@@@@@@@@@%%########*%[] 
 []


Overfull \hbox (105.30019pt too wide) in paragraph at lines 61--61
[]\T1/fvm/m/n/8 ##%%%%#*****###%@@@@@%######@@@@@@@@@%#******###**#@@@@@@@@@@@@@%%%##%@@@@@%%[] 
 []


Overfull \hbox (105.30019pt too wide) in paragraph at lines 62--62
[]\T1/fvm/m/n/8 ###%%%%@@@%##*********##%@@@@@@@@@@@@@@@@#%*****#@@@@@@@@@@@@@%%%%#%@@%%%%@%%[] 
 []


Overfull \hbox (105.30019pt too wide) in paragraph at lines 63--63
[]\T1/fvm/m/n/8 ###%%%%%%##%@@@@@@@@@@@@@@@@@@@@@@@@@@@@@@@%##@@@@@@@@@@@@@@@#%%%%#*%@%%%@%**[] 
 []


Overfull \hbox (105.30019pt too wide) in paragraph at lines 64--64
[]\T1/fvm/m/n/8 @@%####%%#%%%%###%%%%@@@%@%#***#@@%%@@@@@@@@@%#****#%@@@@@@%%%%%%%#**@%%%%%#%[] 
 []


Overfull \hbox (105.30019pt too wide) in paragraph at lines 65--65
[]\T1/fvm/m/n/8 @@###%%%%%%%%%%%%%%%%%%**#@****#@%******#@@@@*******#@@@@@@%%%%%%%##*@@@@@@%%[] 
 []


Overfull \hbox (105.30019pt too wide) in paragraph at lines 66--66
[]\T1/fvm/m/n/8 #*###%%%%%%%%%%%%%%%%%%#**#@@%%@@%******%@@%*******#@@#***%%%%%%%%%##@@@@@%%%[] 
 []


Overfull \hbox (105.30019pt too wide) in paragraph at lines 67--67
[]\T1/fvm/m/n/8 ####%%%%%%%%%%%%%%%%%%%#**#***#@@@@%##%@@@#*******%@%*****%%%%%%%%%###@@@@%%%[] 
 []


Overfull \hbox (105.30019pt too wide) in paragraph at lines 68--68
[]\T1/fvm/m/n/8 @@%#%%%%%%%%%%%%%%%%%%%**#****@@#*****%@@%*******@@%*****#%#%%%%%%%###**%%%%%[] 
 []

)
runsystem(python3 content/tex/preprocessor.py --print-header "|hash.sh" -o build/header2.tmp)...executed.

 (./build/header2.tmp) [1

{/usr/share/texlive/texmf-dist/fonts/enc/dvips/base/8r.enc}{/usr/share/texlive/texmf-dist/fonts/enc/dvips/cm-super/cm-super-ts1.enc}] (./content/data-structures/chapter.tex
Chapter 2.
runsystem(rm -f build/kactltmp.tex)...executed.

runsystem(python3 content/tex/preprocessor.py -i "content/data-structures/dsu.hpp" -o build/kactltmp.tex -l hpp)...executed.

(./build/kactltmp.tex)
runsystem(rm -f build/kactltmp.tex)...executed.

runsystem(python3 content/tex/preprocessor.py -i "content/data-structures/fenwick.hpp" -o build/kactltmp.tex -l hpp)...executed.

 (./build/kactltmp.tex)
runsystem(rm -f build/kactltmp.tex)...executed.

runsystem(python3 content/tex/preprocessor.py -i "content/data-structures/fenwick-lower-bound.hpp" -o build/kactltmp.tex -l hpp)...executed.

 (./build/kactltmp.tex)
runsystem(rm -f build/kactltmp.tex)...executed.

runsystem(python3 content/tex/preprocessor.py -i "content/data-structures/segtree.hpp" -o build/kactltmp.tex -l hpp)...executed.

 (./build/kactltmp.tex
LaTeX Font Info:    Font shape `T1/pcr/m/it' in size <7> not available
(Font)              Font shape `T1/pcr/m/sl' tried instead on input line 60.
)
runsystem(rm -f build/kactltmp.tex)...executed.

runsystem(python3 content/tex/preprocessor.py -i "content/data-structures/lazysegtree.hpp" -o build/kactltmp.tex -l hpp)...executed.

 (./build/kactltmp.tex
runsystem(python3 content/tex/preprocessor.py --print-header "|lazysegtree.hpp" -o build/header2.tmp)...executed.

 (./build/header2.tmp) [2])
runsystem(rm -f build/kactltmp.tex)...executed.

runsystem(python3 content/tex/preprocessor.py -i "content/data-structures/segtree-usage.hpp" -o build/kactltmp.tex -l hpp)...executed.

 (./build/kactltmp.tex
runsystem(python3 content/tex/preprocessor.py --print-header "|segtree-usage.hpp" -o build/header2.tmp)...executed.

 (./build/header2.tmp) [3])
runsystem(rm -f build/kactltmp.tex)...executed.

runsystem(python3 content/tex/preprocessor.py -i "content/data-structures/treap.hpp" -o build/kactltmp.tex -l hpp)...executed.

 (./build/kactltmp.tex)
runsystem(rm -f build/kactltmp.tex)...executed.

runsystem(python3 content/tex/preprocessor.py -i "content/data-structures/lct.hpp" -o build/kactltmp.tex -l hpp)...executed.

 (./build/kactltmp.tex
LaTeX Font Info:    Font shape `T1/fvm/m/n' will be
(Font)              scaled to size 6.0pt on input line 17.
runsystem(python3 content/tex/preprocessor.py --print-header "lct.hpp|lct.hpp" -o build/header2.tmp)...executed.

 (./build/header2.tmp) [4])
runsystem(rm -f build/kactltmp.tex)...executed.

runsystem(python3 content/tex/preprocessor.py -i "content/data-structures/ordered-set.hpp" -o build/kactltmp.tex -l rawcpp)...executed.

 (./build/kactltmp.tex)
runsystem(rm -f build/kactltmp.tex)...executed.

runsystem(python3 content/tex/preprocessor.py -i "content/data-structures/sparse-table.hpp" -o build/kactltmp.tex -l hpp)...executed.

 (./build/kactltmp.tex)
runsystem(rm -f build/kactltmp.tex)...executed.

runsystem(python3 content/tex/preprocessor.py -i "content/data-structures/convex-hull-trick.hpp" -o build/kactltmp.tex -l hpp)...executed.

 (./build/kactltmp.tex
runsystem(python3 content/tex/preprocessor.py --print-header "convex-hull-trick.hpp|convex-hull-trick.hpp" -o build/header2.tmp)...executed.

 (./build/header2.tmp) [5])) (./content/graphs/chapter.tex
Chapter 3.
runsystem(rm -f build/kactltmp.tex)...executed.

runsystem(python3 content/tex/preprocessor.py -i "content/graphs/bellman-ford-moore.hpp" -o build/kactltmp.tex -l hpp)...executed.

(./build/kactltmp.tex)
runsystem(rm -f build/kactltmp.tex)...executed.

runsystem(python3 content/tex/preprocessor.py -i "content/graphs/monge-shortest-path.hpp" -o build/kactltmp.tex -l hpp)...executed.

 (./build/kactltmp.tex)
runsystem(rm -f build/kactltmp.tex)...executed.

runsystem(python3 content/tex/preprocessor.py -i "content/graphs/centroid.hpp" -o build/kactltmp.tex -l hpp)...executed.

 (./build/kactltmp.tex)
runsystem(rm -f build/kactltmp.tex)...executed.

runsystem(python3 content/tex/preprocessor.py -i "content/graphs/hld.hpp" -o build/kactltmp.tex -l hpp)...executed.

 (./build/kactltmp.tex
runsystem(python3 content/tex/preprocessor.py --print-header "hld.hpp|hld.hpp" -o build/header2.tmp)...executed.

 (./build/header2.tmp) [6])
runsystem(rm -f build/kactltmp.tex)...executed.

runsystem(python3 content/tex/preprocessor.py -i "content/graphs/biconnected-components.hpp" -o build/kactltmp.tex -l hpp)...executed.

 (./build/kactltmp.tex)
runsystem(rm -f build/kactltmp.tex)...executed.

runsystem(python3 content/tex/preprocessor.py -i "content/graphs/hierholzer.hpp" -o build/kactltmp.tex -l hpp)...executed.

 (./build/kactltmp.tex
runsystem(python3 content/tex/preprocessor.py --print-header "hierholzer.hpp|hierholzer.hpp" -o build/header2.tmp)...executed.

 (./build/header2.tmp) [7])
runsystem(rm -f build/kactltmp.tex)...executed.

runsystem(python3 content/tex/preprocessor.py -i "content/graphs/kuhn.hpp" -o build/kactltmp.tex -l hpp)...executed.

 (./build/kactltmp.tex)
runsystem(rm -f build/kactltmp.tex)...executed.

runsystem(python3 content/tex/preprocessor.py -i "content/graphs/edmonds-blossom.hpp" -o build/kactltmp.tex -l hpp)...executed.

 (./build/kactltmp.tex
runsystem(python3 content/tex/preprocessor.py --print-header "edmonds-blossom.hpp|edmonds-blossom.hpp" -o build/header2.tmp)...executed.

 (./build/header2.tmp) [8]) (./content/graphs/tutte-matrix.tex)
runsystem(rm -f build/kactltmp.tex)...executed.

runsystem(python3 content/tex/preprocessor.py -i "content/graphs/dinic.hpp" -o build/kactltmp.tex -l hpp)...executed.

 (./build/kactltmp.tex)
runsystem(rm -f build/kactltmp.tex)...executed.

runsystem(python3 content/tex/preprocessor.py -i "content/graphs/successive-shortest-path.hpp" -o build/kactltmp.tex -l hpp)...executed.

 (./build/kactltmp.tex
runsystem(python3 content/tex/preprocessor.py --print-header "successive-shortest-path.hpp|successive-shortest-path.hpp" -o build/header2.tmp)...executed.

 (./build/header2.tmp) [9]) (./content/graphs/max-flow-min-capacities.tex
<content/graphs/max-flow-min-capacities.png, id=1743, 207.77625pt x 173.14688pt>
File: content/graphs/max-flow-min-capacities.png Graphic file (type png)
<use content/graphs/max-flow-min-capacities.png>
Package pdftex.def Info: content/graphs/max-flow-min-capacities.png  used on input line 19.
(pdftex.def)             Requested size: 81.66438pt x 68.05276pt.
) (./content/graphs/pseudoboolean-optimization.tex) (./content/graphs/matching-tricks.tex)
runsystem(rm -f build/kactltmp.tex)...executed.

runsystem(python3 content/tex/preprocessor.py -i "content/graphs/dominator-tree.hpp" -o build/kactltmp.tex -l hpp)...executed.

 (./build/kactltmp.tex
runsystem(python3 content/tex/preprocessor.py --print-header "dominator-tree.hpp|dominator-tree.hpp" -o build/header2.tmp)...executed.

 (./build/header2.tmp) [10 <./content/graphs/max-flow-min-capacities.png>])
runsystem(rm -f build/kactltmp.tex)...executed.

runsystem(python3 content/tex/preprocessor.py -i "content/graphs/3-cycles.hpp" -o build/kactltmp.tex -l hpp)...executed.

 (./build/kactltmp.tex)
runsystem(rm -f build/kactltmp.tex)...executed.

runsystem(python3 content/tex/preprocessor.py -i "content/graphs/4-cycles.hpp" -o build/kactltmp.tex -l hpp)...executed.

 (./build/kactltmp.tex)) (./content/strings/chapter.tex
Chapter 4.
runsystem(rm -f build/kactltmp.tex)...executed.

runsystem(python3 content/tex/preprocessor.py -i "content/strings/aho-corasick.hpp" -o build/kactltmp.tex -l hpp)...executed.

(./build/kactltmp.tex
runsystem(python3 content/tex/preprocessor.py --print-header "aho-corasick.hpp|aho-corasick.hpp" -o build/header2.tmp)...executed.

 (./build/header2.tmp) [11])
runsystem(rm -f build/kactltmp.tex)...executed.

runsystem(python3 content/tex/preprocessor.py -i "content/strings/suffix-automaton.hpp" -o build/kactltmp.tex -l hpp)...executed.

 (./build/kactltmp.tex)
runsystem(rm -f build/kactltmp.tex)...executed.

runsystem(python3 content/tex/preprocessor.py -i "content/strings/suffix-array.hpp" -o build/kactltmp.tex -l hpp)...executed.

 (./build/kactltmp.tex)
runsystem(rm -f build/kactltmp.tex)...executed.

runsystem(python3 content/tex/preprocessor.py -i "content/strings/lcp.hpp" -o build/kactltmp.tex -l hpp)...executed.

 (./build/kactltmp.tex)
runsystem(rm -f build/kactltmp.tex)...executed.

runsystem(python3 content/tex/preprocessor.py -i "content/strings/run-enumerate.hpp" -o build/kactltmp.tex -l hpp)...executed.

 (./build/kactltmp.tex
runsystem(python3 content/tex/preprocessor.py --print-header "run-enumerate.hpp|run-enumerate.hpp" -o build/header2.tmp)...executed.

 (./build/header2.tmp) [12])
runsystem(rm -f build/kactltmp.tex)...executed.

runsystem(python3 content/tex/preprocessor.py -i "content/strings/suffix-tree.hpp" -o build/kactltmp.tex -l hpp)...executed.

 (./build/kactltmp.tex)
runsystem(rm -f build/kactltmp.tex)...executed.

runsystem(python3 content/tex/preprocessor.py -i "content/strings/z.hpp" -o build/kactltmp.tex -l hpp)...executed.

 (./build/kactltmp.tex)
runsystem(rm -f build/kactltmp.tex)...executed.

runsystem(python3 content/tex/preprocessor.py -i "content/strings/prefix.hpp" -o build/kactltmp.tex -l hpp)...executed.

 (./build/kactltmp.tex)
runsystem(rm -f build/kactltmp.tex)...executed.

runsystem(python3 content/tex/preprocessor.py -i "content/strings/minimal-cyclic-shift.hpp" -o build/kactltmp.tex -l hpp)...executed.

 (./build/kactltmp.tex
runsystem(python3 content/tex/preprocessor.py --print-header "minimal-cyclic-shift.hpp|minimal-cyclic-shift.hpp" -o build/header2.tmp)...executed.

 (./build/header2.tmp) [13])
runsystem(rm -f build/kactltmp.tex)...executed.

runsystem(python3 content/tex/preprocessor.py -i "content/strings/manacher.hpp" -o build/kactltmp.tex -l hpp)...executed.

 (./build/kactltmp.tex)
runsystem(rm -f build/kactltmp.tex)...executed.

runsystem(python3 content/tex/preprocessor.py -i "content/strings/palindromic-tree.hpp" -o build/kactltmp.tex -l hpp)...executed.

 (./build/kactltmp.tex)) (./content/geometry/chapter.tex
Chapter 5.
runsystem(rm -f build/kactltmp.tex)...executed.

runsystem(python3 content/tex/preprocessor.py -i "content/geometry/point.hpp" -o build/kactltmp.tex -l hpp)...executed.

(./build/kactltmp.tex)
runsystem(python3 content/tex/preprocessor.py --print-header "|point.hpp" -o build/header2.tmp)...executed.

 (./build/header2.tmp) [14]
runsystem(rm -f build/kactltmp.tex)...executed.

runsystem(python3 content/tex/preprocessor.py -i "content/geometry/line.hpp" -o build/kactltmp.tex -l hpp)...executed.

 (./build/kactltmp.tex)
runsystem(rm -f build/kactltmp.tex)...executed.

runsystem(python3 content/tex/preprocessor.py -i "content/geometry/segment.hpp" -o build/kactltmp.tex -l hpp)...executed.

 (./build/kactltmp.tex)
runsystem(rm -f build/kactltmp.tex)...executed.

runsystem(python3 content/tex/preprocessor.py -i "content/geometry/polygon.hpp" -o build/kactltmp.tex -l hpp)...executed.

 (./build/kactltmp.tex)
runsystem(rm -f build/kactltmp.tex)...executed.

runsystem(python3 content/tex/preprocessor.py -i "content/geometry/convex-hull.hpp" -o build/kactltmp.tex -l hpp)...executed.

 (./build/kactltmp.tex)
runsystem(rm -f build/kactltmp.tex)...executed.

runsystem(python3 content/tex/preprocessor.py -i "content/geometry/tangents-to-convex-polygon.hpp" -o build/kactltmp.tex -l hpp)...executed.

 (./build/kactltmp.tex
runsystem(python3 content/tex/preprocessor.py --print-header "tangents-to-convex-polygon.hpp|tangents-to-convex-polygon.hpp" -o build/header2.tmp)...executed.

 (./build/header2.tmp) [15])
runsystem(rm -f build/kactltmp.tex)...executed.

runsystem(python3 content/tex/preprocessor.py -i "content/geometry/minkowski-sum.hpp" -o build/kactltmp.tex -l hpp)...executed.

 (./build/kactltmp.tex)
runsystem(rm -f build/kactltmp.tex)...executed.

runsystem(python3 content/tex/preprocessor.py -i "content/geometry/ear-clipping.hpp" -o build/kactltmp.tex -l hpp)...executed.

 (./build/kactltmp.tex)
runsystem(rm -f build/kactltmp.tex)...executed.

runsystem(python3 content/tex/preprocessor.py -i "content/geometry/halfplane-intersection.hpp" -o build/kactltmp.tex -l hpp)...executed.

 (./build/kactltmp.tex)
runsystem(rm -f build/kactltmp.tex)...executed.

runsystem(python3 content/tex/preprocessor.py -i "content/geometry/circle.hpp" -o build/kactltmp.tex -l hpp)...executed.

 (./build/kactltmp.tex
runsystem(python3 content/tex/preprocessor.py --print-header "circle.hpp|circle.hpp" -o build/header2.tmp)...executed.

 (./build/header2.tmp) [16])
runsystem(rm -f build/kactltmp.tex)...executed.

runsystem(python3 content/tex/preprocessor.py -i "content/geometry/tangents.hpp" -o build/kactltmp.tex -l hpp)...executed.

 (./build/kactltmp.tex)
runsystem(rm -f build/kactltmp.tex)...executed.

runsystem(python3 content/tex/preprocessor.py -i "content/geometry/welzl.hpp" -o build/kactltmp.tex -l hpp)...executed.

 (./build/kactltmp.tex)
runsystem(rm -f build/kactltmp.tex)...executed.

runsystem(python3 content/tex/preprocessor.py -i "content/geometry/closest-pair.hpp" -o build/kactltmp.tex -l hpp)...executed.

 (./build/kactltmp.tex)
runsystem(rm -f build/kactltmp.tex)...executed.

runsystem(python3 content/tex/preprocessor.py -i "content/geometry/planar-graph.hpp" -o build/kactltmp.tex -l hpp)...executed.

 (./build/kactltmp.tex
runsystem(python3 content/tex/preprocessor.py --print-header "|planar-graph.hpp" -o build/header2.tmp)...executed.

 (./build/header2.tmp) [17])) (./content/mathematics/chapter.tex
Chapter 6.
runsystem(rm -f build/kactltmp.tex)...executed.

runsystem(python3 content/tex/preprocessor.py -i "content/mathematics/modular-arithmetics.hpp" -o build/kactltmp.tex -l hpp)...executed.

(./build/kactltmp.tex)
runsystem(rm -f build/kactltmp.tex)...executed.

runsystem(python3 content/tex/preprocessor.py -i "content/mathematics/gcd.hpp" -o build/kactltmp.tex -l hpp)...executed.

 (./build/kactltmp.tex)
runsystem(rm -f build/kactltmp.tex)...executed.

runsystem(python3 content/tex/preprocessor.py -i "content/mathematics/fast-chinese.hpp" -o build/kactltmp.tex -l hpp)...executed.

 (./build/kactltmp.tex
runsystem(python3 content/tex/preprocessor.py --print-header "fast-chinese.hpp|fast-chinese.hpp" -o build/header2.tmp)...executed.

 (./build/header2.tmp) [18])
runsystem(rm -f build/kactltmp.tex)...executed.

runsystem(python3 content/tex/preprocessor.py -i "content/mathematics/miller-rabin.hpp" -o build/kactltmp.tex -l hpp)...executed.

 (./build/kactltmp.tex)
runsystem(rm -f build/kactltmp.tex)...executed.

runsystem(python3 content/tex/preprocessor.py -i "content/mathematics/pollard.hpp" -o build/kactltmp.tex -l hpp)...executed.

 (./build/kactltmp.tex)
runsystem(rm -f build/kactltmp.tex)...executed.

runsystem(python3 content/tex/preprocessor.py -i "content/mathematics/floor-sum.hpp" -o build/kactltmp.tex -l hpp)...executed.

 (./build/kactltmp.tex)
runsystem(rm -f build/kactltmp.tex)...executed.

runsystem(python3 content/tex/preprocessor.py -i "content/mathematics/min-mod-linear.hpp" -o build/kactltmp.tex -l hpp)...executed.

 (./build/kactltmp.tex)
runsystem(rm -f build/kactltmp.tex)...executed.

runsystem(python3 content/tex/preprocessor.py -i "content/mathematics/mod-inequality.hpp" -o build/kactltmp.tex -l hpp)...executed.

 (./build/kactltmp.tex)
runsystem(rm -f build/kactltmp.tex)...executed.

runsystem(python3 content/tex/preprocessor.py -i "content/mathematics/gaussian.hpp" -o build/kactltmp.tex -l hpp)...executed.

 (./build/kactltmp.tex
runsystem(python3 content/tex/preprocessor.py --print-header "gaussian.hpp|gaussian.hpp" -o build/header2.tmp)...executed.

 (./build/header2.tmp) [19])
runsystem(rm -f build/kactltmp.tex)...executed.

runsystem(python3 content/tex/preprocessor.py -i "content/mathematics/hungarian.hpp" -o build/kactltmp.tex -l hpp)...executed.

 (./build/kactltmp.tex)
runsystem(rm -f build/kactltmp.tex)...executed.

runsystem(python3 content/tex/preprocessor.py -i "content/mathematics/simplex.hpp" -o build/kactltmp.tex -l hpp)...executed.

 (./build/kactltmp.tex
runsystem(python3 content/tex/preprocessor.py --print-header "|simplex.hpp" -o build/header2.tmp)...executed.

 (./build/header2.tmp) [20])
runsystem(rm -f build/kactltmp.tex)...executed.

runsystem(python3 content/tex/preprocessor.py -i "content/mathematics/conv-xor.hpp" -o build/kactltmp.tex -l hpp)...executed.

 (./build/kactltmp.tex)
runsystem(rm -f build/kactltmp.tex)...executed.

runsystem(python3 content/tex/preprocessor.py -i "content/mathematics/conv-or.hpp" -o build/kactltmp.tex -l hpp)...executed.

 (./build/kactltmp.tex)
runsystem(rm -f build/kactltmp.tex)...executed.

runsystem(python3 content/tex/preprocessor.py -i "content/mathematics/subset-convolution.hpp" -o build/kactltmp.tex -l hpp)...executed.

 (./build/kactltmp.tex)
runsystem(rm -f build/kactltmp.tex)...executed.

runsystem(python3 content/tex/preprocessor.py -i "content/mathematics/fft.hpp" -o build/kactltmp.tex -l hpp)...executed.

 (./build/kactltmp.tex
runsystem(python3 content/tex/preprocessor.py --print-header "fft.hpp|fft.hpp" -o build/header2.tmp)...executed.

 (./build/header2.tmp) [21])
runsystem(rm -f build/kactltmp.tex)...executed.

runsystem(python3 content/tex/preprocessor.py -i "content/mathematics/mult-arbitrary-mod.hpp" -o build/kactltmp.tex -l hpp)...executed.

 (./build/kactltmp.tex)
runsystem(rm -f build/kactltmp.tex)...executed.

runsystem(python3 content/tex/preprocessor.py -i "content/mathematics/inverse.hpp" -o build/kactltmp.tex -l hpp)...executed.

 (./build/kactltmp.tex)
runsystem(rm -f build/kactltmp.tex)...executed.

runsystem(python3 content/tex/preprocessor.py -i "content/mathematics/log.hpp" -o build/kactltmp.tex -l hpp)...executed.

 (./build/kactltmp.tex)
runsystem(rm -f build/kactltmp.tex)...executed.

runsystem(python3 content/tex/preprocessor.py -i "content/mathematics/exp.hpp" -o build/kactltmp.tex -l hpp)...executed.

 (./build/kactltmp.tex)
runsystem(rm -f build/kactltmp.tex)...executed.

runsystem(python3 content/tex/preprocessor.py -i "content/mathematics/divide.hpp" -o build/kactltmp.tex -l hpp)...executed.

 (./build/kactltmp.tex)
runsystem(rm -f build/kactltmp.tex)...executed.

runsystem(python3 content/tex/preprocessor.py -i "content/mathematics/multipoint-eval.hpp" -o build/kactltmp.tex -l hpp)...executed.

 (./build/kactltmp.tex
runsystem(python3 content/tex/preprocessor.py --print-header "multipoint-eval.hpp|multipoint-eval.hpp" -o build/header2.tmp)...executed.

 (./build/header2.tmp) [22])
runsystem(rm -f build/kactltmp.tex)...executed.

runsystem(python3 content/tex/preprocessor.py -i "content/mathematics/shift-eval-values.hpp" -o build/kactltmp.tex -l hpp)...executed.

 (./build/kactltmp.tex) (./content/mathematics/newton.tex) (./content/mathematics/fft-text.tex) (./content/mathematics/interpolation.tex)
runsystem(rm -f build/kactltmp.tex)...executed.

runsystem(python3 content/tex/preprocessor.py -i "content/mathematics/berlekamp-massey.hpp" -o build/kactltmp.tex -l hpp)...executed.

 (./build/kactltmp.tex)
runsystem(rm -f build/kactltmp.tex)...executed.

runsystem(python3 content/tex/preprocessor.py -i "content/mathematics/bostan-mori.hpp" -o build/kactltmp.tex -l hpp)...executed.

 (./build/kactltmp.tex
runsystem(python3 content/tex/preprocessor.py --print-header "bostan-mori.hpp|bostan-mori.hpp" -o build/header2.tmp)...executed.

 (./build/header2.tmp) [23])
runsystem(rm -f build/kactltmp.tex)...executed.

runsystem(python3 content/tex/preprocessor.py -i "content/mathematics/find-coefs-of-p-recursive.hpp" -o build/kactltmp.tex -l hpp)...executed.

 (./build/kactltmp.tex)
runsystem(rm -f build/kactltmp.tex)...executed.

runsystem(python3 content/tex/preprocessor.py -i "content/mathematics/find-nth-of-p-recursive.hpp" -o build/kactltmp.tex -l hpp)...executed.

 (./build/kactltmp.tex) (./content/mathematics/mathematical-analysis.tex
runsystem(python3 content/tex/preprocessor.py --print-header "|find-nth-of-p-recursive.hpp" -o build/header2.tmp)...executed.

 (./build/header2.tmp) [24]) (./content/mathematics/number-theory.tex) (./content/mathematics/combinatorics.tex
runsystem(python3 content/tex/preprocessor.py --print-header "|find-nth-of-p-recursive.hpp" -o build/header2.tmp)...executed.

 (./build/header2.tmp) [25]
<content/mathematics/hook-length-tableau.jpg, id=4562, 196.735pt x 195.73125pt>
File: content/mathematics/hook-length-tableau.jpg Graphic file (type jpg)
<use content/mathematics/hook-length-tableau.jpg>
Package pdftex.def Info: content/mathematics/hook-length-tableau.jpg  used on input line 54.
(pdftex.def)             Requested size: 81.66438pt x 81.24486pt.
) (./content/mathematics/graphs.tex) (./content/mathematics/planar.tex) (./content/mathematics/dilworth.tex
runsystem(python3 content/tex/preprocessor.py --print-header "|find-nth-of-p-recursive.hpp" -o build/header2.tmp)...executed.

 (./build/header2.tmp) [26 <./content/mathematics/hook-length-tableau.jpg>]) (./content/mathematics/geometry.tex
<content/mathematics/ball-segment.png, id=4583, 235.88126pt x 130.4875pt>
File: content/mathematics/ball-segment.png Graphic file (type png)
<use content/mathematics/ball-segment.png>
Package pdftex.def Info: content/mathematics/ball-segment.png  used on input line 13.
(pdftex.def)             Requested size: 81.66438pt x 45.17552pt.
<content/mathematics/ball-layer.png, id=4585, 202.7575pt x 196.735pt>
File: content/mathematics/ball-layer.png Graphic file (type png)
<use content/mathematics/ball-layer.png>
Package pdftex.def Info: content/mathematics/ball-layer.png  used on input line 22.
(pdftex.def)             Requested size: 81.66438pt x 79.23894pt.
<content/mathematics/monges-theorem.png, id=4586, 511.6716pt x 511.6716pt>
File: content/mathematics/monges-theorem.png Graphic file (type png)
<use content/mathematics/monges-theorem.png>
Package pdftex.def Info: content/mathematics/monges-theorem.png  used on input line 46.
(pdftex.def)             Requested size: 122.48413pt x 122.48358pt.
)) (./content/various/chapter.tex
Chapter 7.
(./content/various/sums.tex) (./content/various/matroid.tex
<content/various/matroid-intersection.jpg, id=4587, 448.67625pt x 569.12625pt>
File: content/various/matroid-intersection.jpg Graphic file (type jpg)
<use content/various/matroid-intersection.jpg>
Package pdftex.def Info: content/various/matroid-intersection.jpg  used on input line 32.
(pdftex.def)             Requested size: 81.66438pt x 103.58461pt.
runsystem(python3 content/tex/preprocessor.py --print-header "|find-nth-of-p-recursive.hpp" -o build/header2.tmp)...executed.

 (./build/header2.tmp) [27 <./content/mathematics/ball-segment.png> <./content/mathematics/ball-layer.png> <./content/mathematics/monges-theorem.png>])
runsystem(rm -f build/kactltmp.tex)...executed.

runsystem(python3 content/tex/preprocessor.py -i "content/various/three-sat.hpp" -o build/kactltmp.tex -l hpp)...executed.

 (./build/kactltmp.tex)
runsystem(rm -f build/kactltmp.tex)...executed.

runsystem(python3 content/tex/preprocessor.py -i "content/various/gaussian-integer.hpp" -o build/kactltmp.tex -l hpp)...executed.

 (./build/kactltmp.tex)
runsystem(rm -f build/kactltmp.tex)...executed.

runsystem(python3 content/tex/preprocessor.py -i "content/various/golden-section-search.hpp" -o build/kactltmp.tex -l hpp)...executed.

 (./build/kactltmp.tex)
runsystem(rm -f build/kactltmp.tex)...executed.

runsystem(python3 content/tex/preprocessor.py -i "content/various/nim-product.hpp" -o build/kactltmp.tex -l hpp)...executed.

 (./build/kactltmp.tex
runsystem(python3 content/tex/preprocessor.py --print-header "nim-product.hpp|nim-product.hpp" -o build/header2.tmp)...executed.

 (./build/header2.tmp) [28 <./content/various/matroid-intersection.jpg>]))
runsystem(python3 content/tex/preprocessor.py --print-header "|nim-product.hpp" -o build/header2.tmp)...executed.

 (./build/header2.tmp) [29]
\tf@ptc=\write4
\openout4 = `kactl.ptc'.

runsystem(rm -f build/header.tmp)...executed.

runsystem(rm -f build/header2.tmp)...executed.

runsystem(rm -f build/kactl.tmp)...executed.

 (build//kactl.aux)
Package rerunfilecheck Info: File `kactl.out' has not changed.
(rerunfilecheck)             Checksum: E375A2D5649D3819B2FE9810E0183F7C;609.
 ) 
Here is how much of TeX's memory you used:
 22411 strings out of 476034
 349655 string characters out of 5792854
 3050388 words of memory out of 6000000
 37647 multiletter control sequences out of 15000+600000
 536543 words of font info for 88 fonts, out of 8000000 for 9000
 1137 hyphenation exceptions out of 8191
 78i,13n,103p,562b,2377s stack positions out of 10000i,1000n,20000p,200000b,200000s
</usr/share/texlive/texmf-dist/fonts/type1/public/amsfonts/cmextra/cmex7.pfb></usr/share/texlive/texmf-dist/fonts/type1/public/amsfonts/cmextra/cmex8.pfb></usr/share/texlive/texmf-dist/fonts/type1/public/amsfonts/cm/cmmi12.pfb></usr/share/texlive/texmf-dist/fonts/type1/public/amsfonts/cm/cmmi5.pfb></usr/share/texlive/texmf-dist/fonts/type1/public/amsfonts/cm/cmmi6.pfb></usr/share/texlive/texmf-dist/fonts/type1/public/amsfonts/cm/cmmi8.pfb></usr/share/texlive/texmf-dist/fonts/type1/public/amsfonts/cm/cmr12.pfb></usr/share/texlive/texmf-dist/fonts/type1/public/amsfonts/cm/cmr5.pfb></usr/share/texlive/texmf-dist/fonts/type1/public/amsfonts/cm/cmr6.pfb></usr/share/texlive/texmf-dist/fonts/type1/public/amsfonts/cm/cmr8.pfb></usr/share/texlive/texmf-dist/fonts/type1/public/amsfonts/cm/cmsy5.pfb></usr/share/texlive/texmf-dist/fonts/type1/public/amsfonts/cm/cmsy6.pfb></usr/share/texlive/texmf-dist/fonts/type1/public/amsfonts/cm/cmsy8.pfb></usr/share/texlive/texmf-dist/fonts/type1/public/bera/fvmb8a.pfb></usr/share/texlive/texmf-dist/fonts/type1/public/bera/fvmr8a.pfb></usr/share/texlive/texmf-dist/fonts/type1/public/amsfonts/symbols/msam10.pfb></usr/share/texlive/texmf-dist/fonts/type1/public/amsfonts/symbols/msbm10.pfb></usr/share/texlive/texmf-dist/fonts/type1/public/cm-super/sfbi0800.pfb></usr/share/texlive/texmf-dist/fonts/type1/public/cm-super/sfbx0600.pfb></usr/share/texlive/texmf-dist/fonts/type1/public/cm-super/sfbx0800.pfb></usr/share/texlive/texmf-dist/fonts/type1/public/cm-super/sfbx1000.pfb></usr/share/texlive/texmf-dist/fonts/type1/public/cm-super/sfbx1200.pfb></usr/share/texlive/texmf-dist/fonts/type1/public/cm-super/sfrm0500.pfb></usr/share/texlive/texmf-dist/fonts/type1/public/cm-super/sfrm0600.pfb></usr/share/texlive/texmf-dist/fonts/type1/public/cm-super/sfrm0800.pfb></usr/share/texlive/texmf-dist/fonts/type1/public/cm-super/sfrm1000.pfb></usr/share/texlive/texmf-dist/fonts/type1/public/cm-super/sfrm1200.pfb></usr/share/texlive/texmf-dist/fonts/type1/public/cm-super/sfrm1728.pfb></usr/share/texlive/texmf-dist/fonts/type1/public/cm-super/sfti0700.pfb></usr/share/texlive/texmf-dist/fonts/type1/public/cm-super/sfti0800.pfb></usr/share/texlive/texmf-dist/fonts/type1/urw/courier/ucrr8a.pfb></usr/share/texlive/texmf-dist/fonts/type1/urw/courier/ucrro8a.pfb>
Output written on build//kactl.pdf (30 pages, 1175786 bytes).
PDF statistics:
 5898 PDF objects out of 6186 (max. 8388607)
 5731 compressed objects within 58 object streams
 4609 named destinations out of 5155 (max. 500000)
 92 words of extra memory for PDF output out of 10000 (max. 10000000)

